0 info it worked if it ends with ok
1 verbose cli [ 'node', '/usr/local/bin/npm', 'install', '-g', 'typescript' ]
2 info using npm@3.10.7
3 info using node@v0.10.25
4 verbose node symlink /usr/bin/node
5 silly loadCurrentTree Starting
6 silly install loadCurrentTree
7 silly install readGlobalPackageData
8 silly fetchPackageMetaData typescript
9 silly fetchNamedPackageData typescript
10 silly mapToRegistry name typescript
11 silly mapToRegistry using default registry
12 silly mapToRegistry registry https://registry.npmjs.org/
13 silly mapToRegistry data { raw: 'typescript',
13 silly mapToRegistry   scope: null,
13 silly mapToRegistry   escapedName: 'typescript',
13 silly mapToRegistry   name: 'typescript',
13 silly mapToRegistry   rawSpec: '',
13 silly mapToRegistry   spec: 'latest',
13 silly mapToRegistry   type: 'tag' }
14 silly mapToRegistry uri https://registry.npmjs.org/typescript
15 verbose request uri https://registry.npmjs.org/typescript
16 verbose request no auth needed
17 info attempt registry request try #1 at 23:48:17
18 verbose request id 9e1a7dacb7d1fef8
19 verbose etag "5ZYMAHIIL229M70PW1X08EAP9"
20 http request GET https://registry.npmjs.org/typescript
21 http 200 https://registry.npmjs.org/typescript
22 verbose headers { server: 'CouchDB/1.5.0 (Erlang OTP/R16B03)',
22 verbose headers   etag: '"5BZ7FOL2QJ1CEG95QKTUEQCEK"',
22 verbose headers   'content-type': 'application/json',
22 verbose headers   'content-encoding': 'gzip',
22 verbose headers   'cache-control': 'max-age=300',
22 verbose headers   'content-length': '67788',
22 verbose headers   'accept-ranges': 'bytes',
22 verbose headers   date: 'Wed, 14 Sep 2016 23:48:18 GMT',
22 verbose headers   via: '1.1 varnish',
22 verbose headers   age: '286',
22 verbose headers   connection: 'keep-alive',
22 verbose headers   'x-served-by': 'cache-lcy1135-LCY',
22 verbose headers   'x-cache': 'HIT',
22 verbose headers   'x-cache-hits': '1',
22 verbose headers   'x-timer': 'S1473896898.822819,VS0,VE0',
22 verbose headers   vary: 'Accept-Encoding' }
23 silly get cb [ 200,
23 silly get   { server: 'CouchDB/1.5.0 (Erlang OTP/R16B03)',
23 silly get     etag: '"5BZ7FOL2QJ1CEG95QKTUEQCEK"',
23 silly get     'content-type': 'application/json',
23 silly get     'content-encoding': 'gzip',
23 silly get     'cache-control': 'max-age=300',
23 silly get     'content-length': '67788',
23 silly get     'accept-ranges': 'bytes',
23 silly get     date: 'Wed, 14 Sep 2016 23:48:18 GMT',
23 silly get     via: '1.1 varnish',
23 silly get     age: '286',
23 silly get     connection: 'keep-alive',
23 silly get     'x-served-by': 'cache-lcy1135-LCY',
23 silly get     'x-cache': 'HIT',
23 silly get     'x-cache-hits': '1',
23 silly get     'x-timer': 'S1473896898.822819,VS0,VE0',
23 silly get     vary: 'Accept-Encoding' } ]
24 verbose get saving typescript to /home/kowus/.npm/registry.npmjs.org/typescript/.cache.json
25 verbose correctMkdir /home/kowus/.npm correctMkdir not in flight; initializing
26 silly install normalizeTree
27 silly loadCurrentTree Finishing
28 silly loadIdealTree Starting
29 silly install loadIdealTree
30 silly cloneCurrentTree Starting
31 silly install cloneCurrentTreeToIdealTree
32 silly cloneCurrentTree Finishing
33 silly loadShrinkwrap Starting
34 silly install loadShrinkwrap
35 silly loadShrinkwrap Finishing
36 silly loadAllDepsIntoIdealTree Starting
37 silly install loadAllDepsIntoIdealTree
38 silly resolveWithNewModule typescript@1.8.10 checking installable status
39 silly cache add args [ 'typescript', null ]
40 verbose cache add spec typescript
41 silly cache add parsed spec { raw: 'typescript',
41 silly cache add   scope: null,
41 silly cache add   escapedName: 'typescript',
41 silly cache add   name: 'typescript',
41 silly cache add   rawSpec: '',
41 silly cache add   spec: 'latest',
41 silly cache add   type: 'tag' }
42 silly addNamed typescript@latest
43 verbose addNamed "latest" is being treated as a dist-tag for typescript
44 info addNameTag [ 'typescript', 'latest' ]
45 silly mapToRegistry name typescript
46 silly mapToRegistry using default registry
47 silly mapToRegistry registry https://registry.npmjs.org/
48 silly mapToRegistry data { raw: 'typescript',
48 silly mapToRegistry   scope: null,
48 silly mapToRegistry   escapedName: 'typescript',
48 silly mapToRegistry   name: 'typescript',
48 silly mapToRegistry   rawSpec: '',
48 silly mapToRegistry   spec: 'latest',
48 silly mapToRegistry   type: 'tag' }
49 silly mapToRegistry uri https://registry.npmjs.org/typescript
50 verbose addNameTag registry:https://registry.npmjs.org/typescript not in flight; fetching
51 verbose get https://registry.npmjs.org/typescript not expired, no request
52 silly addNameTag next cb for typescript with tag latest
53 silly addNamed typescript@1.8.10
54 verbose addNamed "1.8.10" is a plain semver version for typescript
55 silly cache afterAdd typescript@1.8.10
56 verbose afterAdd /home/kowus/.npm/typescript/1.8.10/package/package.json not in flight; writing
57 verbose correctMkdir /home/kowus/.npm correctMkdir not in flight; initializing
58 verbose afterAdd /home/kowus/.npm/typescript/1.8.10/package/package.json written
59 silly loadAllDepsIntoIdealTree Finishing
60 silly loadIdealTree Finishing
61 silly currentTree lib
62 silly idealTree lib
62 silly idealTree └── typescript@1.8.10
63 silly generateActionsToTake Starting
64 silly install generateActionsToTake
65 warn checkPermissions Missing write access to /usr/lib
66 silly rollbackFailedOptional Starting
67 silly rollbackFailedOptional Finishing
68 silly runTopLevelLifecycles Finishing
69 silly install printInstalled
70 verbose stack Error: EACCES, access '/usr/lib'
70 verbose stack     at module.exports (/usr/local/lib/node_modules/npm/lib/install/access-error.js:4:18)
70 verbose stack     at /usr/local/lib/node_modules/npm/lib/install/writable.js:30:25
70 verbose stack     at /usr/local/lib/node_modules/npm/node_modules/graceful-fs/graceful-fs.js:232:16
70 verbose stack     at Object.oncomplete (fs.js:107:15)
71 verbose cwd /home/kowus/Documents/DevTools/pebble-projects/basic-pebble
72 error Linux 4.4.0-38-generic
73 error argv "node" "/usr/local/bin/npm" "install" "-g" "typescript"
74 error node v0.10.25
75 error npm  v3.10.7
76 error path /usr/lib
77 error code EACCES
78 error Error: EACCES, access '/usr/lib'
78 error     at module.exports (/usr/local/lib/node_modules/npm/lib/install/access-error.js:4:18)
78 error     at /usr/local/lib/node_modules/npm/lib/install/writable.js:30:25
78 error     at /usr/local/lib/node_modules/npm/node_modules/graceful-fs/graceful-fs.js:232:16
78 error     at Object.oncomplete (fs.js:107:15)
78 error  { [Error: EACCES, access '/usr/lib'] code: 'EACCES', path: '/usr/lib' }
79 error Please try running this command again as root/Administrator.
80 verbose exit [ 1, true ]
